<?xml version="1.0" encoding="UTF-8"?>
<!-- Generated by org.testng.reporters.JUnitReportReporter -->
<testsuite skipped="0" hostname="SIVASARADA" name="TestNG_TestCase" tests="1" failures="0" timestamp="05 May 2017 04:02:22 GMT" time="15.352" errors="0">
  <testcase name="testMethod" time="15.352" classname="TestNG_TestCase"/>
</testsuite> <!-- TestNG_TestCase -->
