<?xml version="1.0" encoding="UTF-8"?>
<!-- Generated by org.testng.reporters.JUnitReportReporter -->
<testsuite skipped="0" hostname="SIVASARADA" name="Seleniumdemo.NewTest" tests="1" failures="0" timestamp="30 Apr 2017 14:26:57 GMT" time="17.488" errors="0">
  <testcase name="f" time="17.488" classname="Seleniumdemo.NewTest"/>
</testsuite> <!-- Seleniumdemo.NewTest -->
